2025-03-20T20:42:29.666+08:00  INFO 13780 --- [fraud-detect-service] [main] c.f.FraudDetectionServiceApplication     : Starting FraudDetectionServiceApplication using Java 21.0.6 with PID 13780 (D:\Projects\frauddetectservice\target\classes started by Lenovo in D:\Projects\frauddetectservice)
2025-03-20T20:42:29.666+08:00 DEBUG 13780 --- [fraud-detect-service] [main] c.f.FraudDetectionServiceApplication     : Running with Spring Boot v3.2.1, Spring v6.1.2
2025-03-20T20:42:29.666+08:00  INFO 13780 --- [fraud-detect-service] [main] c.f.FraudDetectionServiceApplication     : The following 1 profile is active: "default"
2025-03-20T20:42:30.541+08:00  INFO 13780 --- [fraud-detect-service] [main] o.s.b.w.embedded.tomcat.TomcatWebServer  : Tomcat initialized with port 8080 (http)
2025-03-20T20:42:30.541+08:00  INFO 13780 --- [fraud-detect-service] [main] o.apache.catalina.core.StandardService   : Starting service [Tomcat]
2025-03-20T20:42:30.541+08:00  INFO 13780 --- [fraud-detect-service] [main] o.apache.catalina.core.StandardEngine    : Starting Servlet engine: [Apache Tomcat/10.1.17]
2025-03-20T20:42:30.619+08:00  INFO 13780 --- [fraud-detect-service] [main] o.a.c.c.C.[Tomcat].[localhost].[/]       : Initializing Spring embedded WebApplicationContext
2025-03-20T20:42:30.619+08:00  INFO 13780 --- [fraud-detect-service] [main] w.s.c.ServletWebServerApplicationContext : Root WebApplicationContext: initialization completed in 897 ms
2025-03-20T20:42:32.269+08:00  INFO 13780 --- [fraud-detect-service] [main] o.s.b.w.embedded.tomcat.TomcatWebServer  : Tomcat started on port 8080 (http) with context path ''
2025-03-20T20:42:32.284+08:00  INFO 13780 --- [fraud-detect-service] [main] c.f.FraudDetectionServiceApplication     : Started FraudDetectionServiceApplication in 3.065 seconds (process running for 3.535)
2025-03-20T20:43:22.318+08:00  INFO 13780 --- [fraud-detect-service] [http-nio-8080-exec-1] o.a.c.c.C.[Tomcat].[localhost].[/]       : Initializing Spring DispatcherServlet 'dispatcherServlet'
2025-03-20T20:43:22.318+08:00  INFO 13780 --- [fraud-detect-service] [http-nio-8080-exec-1] o.s.web.servlet.DispatcherServlet        : Initializing Servlet 'dispatcherServlet'
2025-03-20T20:43:22.318+08:00  INFO 13780 --- [fraud-detect-service] [http-nio-8080-exec-1] o.s.web.servlet.DispatcherServlet        : Completed initialization in 0 ms
2025-03-20T20:43:22.628+08:00  INFO 13780 --- [fraud-detect-service] [http-nio-8080-exec-1] c.f.logging.GoogleCloudLoggingService    : Log sent successfully to google cloud logging: INFO
2025-03-20T20:43:22.628+08:00  INFO 13780 --- [fraud-detect-service] [http-nio-8080-exec-1] c.f.logging.GoogleCloudLoggingService    : Received transaction for fraud defect: {"transactionId":"1aebc2ea-5017-49fd-9a9d-27ecd4467dcf","accountId":"caxtdm","amount":13153,"country":"CN","ipAddr":"192.168.4.5"}
2025-03-20T20:43:28.875+08:00  INFO 13780 --- [fraud-detect-service] [http-nio-8080-exec-4] c.f.logging.GoogleCloudLoggingService    : Log sent successfully to google cloud logging: INFO
2025-03-20T20:43:28.875+08:00  INFO 13780 --- [fraud-detect-service] [http-nio-8080-exec-4] c.f.logging.GoogleCloudLoggingService    : Received transaction for fraud defect: {"transactionId":"1aebc2ea-444-49fd-9a9d-27ecd4467dcf","accountId":"zzzz","amount":2200,"country":"CN","ipAddr":"192.168.4.5"}
2025-03-20T20:43:32.444+08:00  INFO 13780 --- [fraud-detect-service] [http-nio-8080-exec-5] c.f.logging.GoogleCloudLoggingService    : Log sent successfully to google cloud logging: INFO
2025-03-20T20:43:32.444+08:00  INFO 13780 --- [fraud-detect-service] [http-nio-8080-exec-5] c.f.logging.GoogleCloudLoggingService    : Received transaction for fraud defect: {"transactionId":"1aebc2ea-444-49fd-9a9d-27ecd4467dcf","accountId":"bbb555","amount":22000,"country":"US","ipAddr":"192.168.4.10"}
2025-03-20T20:43:37.606+08:00  INFO 13780 --- [fraud-detect-service] [http-nio-8080-exec-5] c.f.logging.GoogleCloudLoggingService    : Log sent successfully to google cloud logging: ERROR
2025-03-20T20:43:37.606+08:00 ERROR 13780 --- [fraud-detect-service] [http-nio-8080-exec-5] c.f.logging.GoogleCloudLoggingService    : Error while processing transaction: {"transactionId":"1aebc2ea-444-49fd-9a9d-27ecd4467dcf","accountId":"bbb555","amount":22000,"country":"US","ipAddr":"192.168.4.10"}
